-------------------------------------------------------------------------------
Test set: TestSuite
-------------------------------------------------------------------------------
Tests run: 1, Failures: 1, Errors: 0, Skipped: 0, Time elapsed: 51.694 sec <<< FAILURE! - in TestSuite
webElementName(dataDrivenTest.XLSXTest)  Time elapsed: 0.218 sec  <<< FAILURE!
java.lang.AssertionError: lists don't have the same size did not expect to find [4] but found [3]
	at dataDrivenTest.XLSXTest.webElementName(XLSXTest.java:25)

