<?xml version="1.0" encoding="UTF-8"?>
<!-- Generated by org.testng.reporters.JUnitXMLReporter -->
<testsuite ignored="2" hostname="Nazibahs-MacBook-Air.local" failures="2" tests="24" name="Gmail Home" time="518.793" errors="0" timestamp="2019-01-14T22:06:00 EST">
  <testcase classname="base.CommonApi" name="@AfterMethod cleanUp" time="0.01">
    <failure type="org.openqa.selenium.NoSuchWindowException" message="no such window: target window already closed
from unknown error: web view not found
  (Session info: chrome=71.0.3578.98)
  (Driver info: chromedriver=2.45.615355 (d5698f682d8b2742017df6c81e0bd8e6a3063189),platform=Mac OS X 10.14.2 x86_64) (WARNING: The server did not provide any stacktrace information)
Command duration or timeout: 0 milliseconds
Build info: version: &amp;apos;3.141.59&amp;apos;, revision: &amp;apos;e82be7d358&amp;apos;, time: &amp;apos;2018-11-14T08:17:03&amp;apos;
System info: host: &amp;apos;Nazibahs-MacBook-Air.local&amp;apos;, ip: &amp;apos;2604:2000:6055:2100:e19c:3018:5c14:d581%en0&amp;apos;, os.name: &amp;apos;Mac OS X&amp;apos;, os.arch: &amp;apos;x86_64&amp;apos;, os.version: &amp;apos;10.14.2&amp;apos;, java.version: &amp;apos;11.0.1&amp;apos;
Driver info: org.openqa.selenium.chrome.ChromeDriver
Capabilities {acceptInsecureCerts: false, acceptSslCerts: false, applicationCacheEnabled: false, browserConnectionEnabled: false, browserName: chrome, chrome: {chromedriverVersion: 2.45.615355 (d5698f682d8b27..., userDataDir: /var/folders/bx/ylfr9_p57rv...}, cssSelectorsEnabled: true, databaseEnabled: false, goog:chromeOptions: {debuggerAddress: localhost:58457}, handlesAlerts: true, hasTouchScreen: false, javascriptEnabled: true, locationContextEnabled: true, mobileEmulationEnabled: false, nativeEvents: true, networkConnectionEnabled: false, pageLoadStrategy: normal, platform: MAC, platformName: MAC, proxy: Proxy(), rotatable: false, setWindowRect: true, strictFileInteractability: false, takesHeapSnapshot: true, takesScreenshot: true, timeouts: {implicit: 0, pageLoad: 300000, script: 30000}, unexpectedAlertBehaviour: ignore, unhandledPromptBehavior: ignore, version: 71.0.3578.98, webStorageEnabled: true}
Session ID: c4ba4c8baa6cb2a37ea27ff900c9b5b0">
      <![CDATA[org.openqa.selenium.NoSuchWindowException: no such window: target window already closed
from unknown error: web view not found
  (Session info: chrome=71.0.3578.98)
  (Driver info: chromedriver=2.45.615355 (d5698f682d8b2742017df6c81e0bd8e6a3063189),platform=Mac OS X 10.14.2 x86_64) (WARNING: The server did not provide any stacktrace information)
Command duration or timeout: 0 milliseconds
Build info: version: '3.141.59', revision: 'e82be7d358', time: '2018-11-14T08:17:03'
System info: host: 'Nazibahs-MacBook-Air.local', ip: '2604:2000:6055:2100:e19c:3018:5c14:d581%en0', os.name: 'Mac OS X', os.arch: 'x86_64', os.version: '10.14.2', java.version: '11.0.1'
Driver info: org.openqa.selenium.chrome.ChromeDriver
Capabilities {acceptInsecureCerts: false, acceptSslCerts: false, applicationCacheEnabled: false, browserConnectionEnabled: false, browserName: chrome, chrome: {chromedriverVersion: 2.45.615355 (d5698f682d8b27..., userDataDir: /var/folders/bx/ylfr9_p57rv...}, cssSelectorsEnabled: true, databaseEnabled: false, goog:chromeOptions: {debuggerAddress: localhost:58457}, handlesAlerts: true, hasTouchScreen: false, javascriptEnabled: true, locationContextEnabled: true, mobileEmulationEnabled: false, nativeEvents: true, networkConnectionEnabled: false, pageLoadStrategy: normal, platform: MAC, platformName: MAC, proxy: Proxy(), rotatable: false, setWindowRect: true, strictFileInteractability: false, takesHeapSnapshot: true, takesScreenshot: true, timeouts: {implicit: 0, pageLoad: 300000, script: 30000}, unexpectedAlertBehaviour: ignore, unhandledPromptBehavior: ignore, version: 71.0.3578.98, webStorageEnabled: true}
Session ID: c4ba4c8baa6cb2a37ea27ff900c9b5b0
at org.openqa.selenium.remote.ErrorHandler.createThrowable(ErrorHandler.java:214)
at org.openqa.selenium.remote.ErrorHandler.throwIfResponseFailed(ErrorHandler.java:166)
at org.openqa.selenium.remote.http.JsonHttpResponseCodec.reconstructValue(JsonHttpResponseCodec.java:40)
at org.openqa.selenium.remote.http.AbstractHttpResponseCodec.decode(AbstractHttpResponseCodec.java:80)
at org.openqa.selenium.remote.http.AbstractHttpResponseCodec.decode(AbstractHttpResponseCodec.java:44)
at org.openqa.selenium.remote.HttpCommandExecutor.execute(HttpCommandExecutor.java:158)
at org.openqa.selenium.remote.service.DriverCommandExecutor.execute(DriverCommandExecutor.java:83)
at org.openqa.selenium.remote.RemoteWebDriver.execute(RemoteWebDriver.java:552)
at org.openqa.selenium.remote.RemoteWebDriver.execute(RemoteWebDriver.java:609)
at org.openqa.selenium.remote.RemoteWebDriver.close(RemoteWebDriver.java:442)
at base.CommonApi.cleanUp(CommonApi.java:68)
... Removed 35 stack frames]]>
    </failure>
  </testcase> <!-- @AfterMethod cleanUp -->
  <testcase classname="base.CommonApi" name="@BeforeMethod setUp" time="-1.547521555762E9">
    <skipped/>
  </testcase> <!-- @BeforeMethod setUp -->
  <testcase classname="base.CommonApi" name="@BeforeMethod startExtent" time="-1.547521555763E9">
    <skipped/>
  </testcase> <!-- @BeforeMethod startExtent -->
  <testcase classname="base.CommonApi" name="@AfterMethod cleanUp" time="-1.547521555765E9">
    <skipped/>
  </testcase> <!-- @AfterMethod cleanUp -->
  <testcase classname="base.CommonApi" name="@BeforeMethod setUp" time="-1.547521555766E9">
    <skipped/>
  </testcase> <!-- @BeforeMethod setUp -->
  <testcase classname="base.CommonApi" name="@BeforeMethod startExtent" time="-1.547521555766E9">
    <skipped/>
  </testcase> <!-- @BeforeMethod startExtent -->
  <testcase classname="base.CommonApi" name="@AfterMethod cleanUp" time="-1.547521555767E9">
    <skipped/>
  </testcase> <!-- @AfterMethod cleanUp -->
  <testcase classname="base.CommonApi" name="@BeforeMethod setUp" time="-1.547521555768E9">
    <skipped/>
  </testcase> <!-- @BeforeMethod setUp -->
  <testcase classname="base.CommonApi" name="@BeforeMethod startExtent" time="-1.547521555769E9">
    <skipped/>
  </testcase> <!-- @BeforeMethod startExtent -->
  <testcase classname="base.CommonApi" name="@AfterMethod cleanUp" time="-1.54752155577E9">
    <skipped/>
  </testcase> <!-- @AfterMethod cleanUp -->
  <testcase classname="base.CommonApi" name="@BeforeMethod setUp" time="-1.54752155577E9">
    <skipped/>
  </testcase> <!-- @BeforeMethod setUp -->
  <testcase classname="base.CommonApi" name="@BeforeMethod startExtent" time="-1.547521555771E9">
    <skipped/>
  </testcase> <!-- @BeforeMethod startExtent -->
  <testcase classname="base.CommonApi" name="@AfterMethod cleanUp" time="-1.547521555773E9">
    <skipped/>
  </testcase> <!-- @AfterMethod cleanUp -->
  <testcase classname="base.CommonApi" name="@BeforeMethod setUp" time="-1.547521555774E9">
    <skipped/>
  </testcase> <!-- @BeforeMethod setUp -->
  <testcase classname="base.CommonApi" name="@BeforeMethod startExtent" time="-1.547521555774E9">
    <skipped/>
  </testcase> <!-- @BeforeMethod startExtent -->
  <testcase classname="base.CommonApi" name="@AfterMethod cleanUp" time="-1.547521555775E9">
    <skipped/>
  </testcase> <!-- @AfterMethod cleanUp -->
  <testcase classname="base.CommonApi" name="@BeforeMethod setUp" time="-1.547521555777E9">
    <skipped/>
  </testcase> <!-- @BeforeMethod setUp -->
  <testcase classname="base.CommonApi" name="@BeforeMethod startExtent" time="-1.547521555777E9">
    <skipped/>
  </testcase> <!-- @BeforeMethod startExtent -->
  <testcase classname="base.CommonApi" name="@AfterMethod cleanUp" time="-1.54752155578E9">
    <skipped/>
  </testcase> <!-- @AfterMethod cleanUp -->
  <testcase classname="base.CommonApi" name="@BeforeMethod setUp" time="-1.547521555781E9">
    <skipped/>
  </testcase> <!-- @BeforeMethod setUp -->
  <testcase classname="base.CommonApi" name="@BeforeMethod startExtent" time="-1.547521555781E9">
    <skipped/>
  </testcase> <!-- @BeforeMethod startExtent -->
  <testcase classname="base.CommonApi" name="@AfterMethod cleanUp" time="-1.547521555782E9">
    <skipped/>
  </testcase> <!-- @AfterMethod cleanUp -->
  <testcase classname="base.CommonApi" name="@BeforeMethod setUp" time="4.067">
    <failure type="org.openqa.selenium.WebDriverException" message="unknown error: cannot determine loading status
from unknown error: cannot determine loading status
from disconnected: Unable to receive message from renderer
  (Session info: chrome=71.0.3578.98)
  (Driver info: chromedriver=2.45.615355 (d5698f682d8b2742017df6c81e0bd8e6a3063189),platform=Mac OS X 10.14.2 x86_64) (WARNING: The server did not provide any stacktrace information)
Command duration or timeout: 0 milliseconds
Build info: version: &amp;apos;3.141.59&amp;apos;, revision: &amp;apos;e82be7d358&amp;apos;, time: &amp;apos;2018-11-14T08:17:03&amp;apos;
System info: host: &amp;apos;Nazibahs-MacBook-Air.local&amp;apos;, ip: &amp;apos;2604:2000:6055:2100:e19c:3018:5c14:d581%en0&amp;apos;, os.name: &amp;apos;Mac OS X&amp;apos;, os.arch: &amp;apos;x86_64&amp;apos;, os.version: &amp;apos;10.14.2&amp;apos;, java.version: &amp;apos;11.0.1&amp;apos;
Driver info: org.openqa.selenium.chrome.ChromeDriver
Capabilities {acceptInsecureCerts: false, acceptSslCerts: false, applicationCacheEnabled: false, browserConnectionEnabled: false, browserName: chrome, chrome: {chromedriverVersion: 2.45.615355 (d5698f682d8b27..., userDataDir: /var/folders/bx/ylfr9_p57rv...}, cssSelectorsEnabled: true, databaseEnabled: false, goog:chromeOptions: {debuggerAddress: localhost:59075}, handlesAlerts: true, hasTouchScreen: false, javascriptEnabled: true, locationContextEnabled: true, mobileEmulationEnabled: false, nativeEvents: true, networkConnectionEnabled: false, pageLoadStrategy: normal, platform: MAC, platformName: MAC, proxy: Proxy(), rotatable: false, setWindowRect: true, strictFileInteractability: false, takesHeapSnapshot: true, takesScreenshot: true, timeouts: {implicit: 0, pageLoad: 300000, script: 30000}, unexpectedAlertBehaviour: ignore, unhandledPromptBehavior: ignore, version: 71.0.3578.98, webStorageEnabled: true}
Session ID: db11a70258fd7b3a1e66252bbaec5214">
      <![CDATA[org.openqa.selenium.WebDriverException: unknown error: cannot determine loading status
from unknown error: cannot determine loading status
from disconnected: Unable to receive message from renderer
  (Session info: chrome=71.0.3578.98)
  (Driver info: chromedriver=2.45.615355 (d5698f682d8b2742017df6c81e0bd8e6a3063189),platform=Mac OS X 10.14.2 x86_64) (WARNING: The server did not provide any stacktrace information)
Command duration or timeout: 0 milliseconds
Build info: version: '3.141.59', revision: 'e82be7d358', time: '2018-11-14T08:17:03'
System info: host: 'Nazibahs-MacBook-Air.local', ip: '2604:2000:6055:2100:e19c:3018:5c14:d581%en0', os.name: 'Mac OS X', os.arch: 'x86_64', os.version: '10.14.2', java.version: '11.0.1'
Driver info: org.openqa.selenium.chrome.ChromeDriver
Capabilities {acceptInsecureCerts: false, acceptSslCerts: false, applicationCacheEnabled: false, browserConnectionEnabled: false, browserName: chrome, chrome: {chromedriverVersion: 2.45.615355 (d5698f682d8b27..., userDataDir: /var/folders/bx/ylfr9_p57rv...}, cssSelectorsEnabled: true, databaseEnabled: false, goog:chromeOptions: {debuggerAddress: localhost:59075}, handlesAlerts: true, hasTouchScreen: false, javascriptEnabled: true, locationContextEnabled: true, mobileEmulationEnabled: false, nativeEvents: true, networkConnectionEnabled: false, pageLoadStrategy: normal, platform: MAC, platformName: MAC, proxy: Proxy(), rotatable: false, setWindowRect: true, strictFileInteractability: false, takesHeapSnapshot: true, takesScreenshot: true, timeouts: {implicit: 0, pageLoad: 300000, script: 30000}, unexpectedAlertBehaviour: ignore, unhandledPromptBehavior: ignore, version: 71.0.3578.98, webStorageEnabled: true}
Session ID: db11a70258fd7b3a1e66252bbaec5214
at org.openqa.selenium.remote.ErrorHandler.createThrowable(ErrorHandler.java:214)
at org.openqa.selenium.remote.ErrorHandler.throwIfResponseFailed(ErrorHandler.java:166)
at org.openqa.selenium.remote.http.JsonHttpResponseCodec.reconstructValue(JsonHttpResponseCodec.java:40)
at org.openqa.selenium.remote.http.AbstractHttpResponseCodec.decode(AbstractHttpResponseCodec.java:80)
at org.openqa.selenium.remote.http.AbstractHttpResponseCodec.decode(AbstractHttpResponseCodec.java:44)
at org.openqa.selenium.remote.HttpCommandExecutor.execute(HttpCommandExecutor.java:158)
at org.openqa.selenium.remote.service.DriverCommandExecutor.execute(DriverCommandExecutor.java:83)
at org.openqa.selenium.remote.RemoteWebDriver.execute(RemoteWebDriver.java:552)
at org.openqa.selenium.remote.RemoteWebDriver.get(RemoteWebDriver.java:277)
at org.openqa.selenium.remote.RemoteWebDriver$RemoteNavigation.to(RemoteWebDriver.java:857)
at base.CommonApi.setUp(CommonApi.java:121)
... Removed 35 stack frames]]>
    </failure>
  </testcase> <!-- @BeforeMethod setUp -->
  <testcase classname="base.CommonApi" name="@BeforeMethod startExtent" time="-1.547521559856E9">
    <skipped/>
  </testcase> <!-- @BeforeMethod startExtent -->
  <testcase classname="TestPages.TestHomePage" name="@BeforeMethod initializeElement" time="-1.547521559857E9">
    <skipped/>
  </testcase> <!-- @BeforeMethod initializeElement -->
  <testcase classname="base.CommonApi" name="@AfterMethod cleanUp" time="-1.547521559858E9">
    <skipped/>
  </testcase> <!-- @AfterMethod cleanUp -->
  <testcase classname="base.CommonApi" name="@BeforeMethod setUp" time="-1.547521559859E9">
    <skipped/>
  </testcase> <!-- @BeforeMethod setUp -->
  <testcase classname="base.CommonApi" name="@BeforeMethod startExtent" time="-1.54752155986E9">
    <skipped/>
  </testcase> <!-- @BeforeMethod startExtent -->
  <testcase classname="TestPages.TestHomePage" name="@BeforeMethod initializeElement" time="-1.54752155986E9">
    <skipped/>
  </testcase> <!-- @BeforeMethod initializeElement -->
  <testcase classname="base.CommonApi" name="@AfterMethod cleanUp" time="-1.547521559861E9">
    <skipped/>
  </testcase> <!-- @AfterMethod cleanUp -->
  <testcase classname="base.CommonApi" name="@BeforeMethod setUp" time="-1.547521559865E9">
    <skipped/>
  </testcase> <!-- @BeforeMethod setUp -->
  <testcase classname="base.CommonApi" name="@BeforeMethod startExtent" time="-1.547521559865E9">
    <skipped/>
  </testcase> <!-- @BeforeMethod startExtent -->
  <testcase classname="TestPages.TestHomePage" name="@BeforeMethod initializeElement" time="-1.547521559866E9">
    <skipped/>
  </testcase> <!-- @BeforeMethod initializeElement -->
  <testcase classname="base.CommonApi" name="@AfterMethod cleanUp" time="-1.547521559867E9">
    <skipped/>
  </testcase> <!-- @AfterMethod cleanUp -->
  <testcase classname="base.CommonApi" name="@BeforeMethod setUp" time="-1.547521559868E9">
    <skipped/>
  </testcase> <!-- @BeforeMethod setUp -->
  <testcase classname="base.CommonApi" name="@BeforeMethod startExtent" time="-1.547521559869E9">
    <skipped/>
  </testcase> <!-- @BeforeMethod startExtent -->
  <testcase classname="TestPages.TestHomePage" name="@BeforeMethod initializeElement" time="-1.547521559869E9">
    <skipped/>
  </testcase> <!-- @BeforeMethod initializeElement -->
  <testcase classname="base.CommonApi" name="@AfterMethod cleanUp" time="-1.54752155987E9">
    <skipped/>
  </testcase> <!-- @AfterMethod cleanUp -->
  <testcase classname="base.CommonApi" name="@BeforeMethod setUp" time="-1.547521559871E9">
    <skipped/>
  </testcase> <!-- @BeforeMethod setUp -->
  <testcase classname="base.CommonApi" name="@BeforeMethod startExtent" time="-1.547521559871E9">
    <skipped/>
  </testcase> <!-- @BeforeMethod startExtent -->
  <testcase classname="TestPages.TestHomePage" name="@BeforeMethod initializeElement" time="-1.547521559871E9">
    <skipped/>
  </testcase> <!-- @BeforeMethod initializeElement -->
  <testcase classname="base.CommonApi" name="@AfterMethod cleanUp" time="-1.547521559872E9">
    <skipped/>
  </testcase> <!-- @AfterMethod cleanUp -->
  <testcase classname="base.CommonApi" name="@BeforeMethod setUp" time="-1.547521559875E9">
    <skipped/>
  </testcase> <!-- @BeforeMethod setUp -->
  <testcase classname="base.CommonApi" name="@BeforeMethod startExtent" time="-1.547521559875E9">
    <skipped/>
  </testcase> <!-- @BeforeMethod startExtent -->
  <testcase classname="TestPages.TestHomePage" name="@BeforeMethod initializeElement" time="-1.547521559875E9">
    <skipped/>
  </testcase> <!-- @BeforeMethod initializeElement -->
  <testcase classname="base.CommonApi" name="@AfterMethod cleanUp" time="-1.547521559877E9">
    <skipped/>
  </testcase> <!-- @AfterMethod cleanUp -->
  <testcase classname="base.CommonApi" name="@BeforeMethod setUp" time="-1.547521559878E9">
    <skipped/>
  </testcase> <!-- @BeforeMethod setUp -->
  <testcase classname="base.CommonApi" name="@BeforeMethod startExtent" time="-1.547521559879E9">
    <skipped/>
  </testcase> <!-- @BeforeMethod startExtent -->
  <testcase classname="TestPages.TestHomePage" name="@BeforeMethod initializeElement" time="-1.547521559881E9">
    <skipped/>
  </testcase> <!-- @BeforeMethod initializeElement -->
  <testcase classname="base.CommonApi" name="@AfterMethod cleanUp" time="-1.547521559882E9">
    <skipped/>
  </testcase> <!-- @AfterMethod cleanUp -->
  <testcase classname="base.CommonApi" name="@BeforeMethod setUp" time="-1.547521559883E9">
    <skipped/>
  </testcase> <!-- @BeforeMethod setUp -->
  <testcase classname="base.CommonApi" name="@BeforeMethod startExtent" time="-1.547521559883E9">
    <skipped/>
  </testcase> <!-- @BeforeMethod startExtent -->
  <testcase classname="TestPages.TestHomePage" name="@BeforeMethod initializeElement" time="-1.547521559884E9">
    <skipped/>
  </testcase> <!-- @BeforeMethod initializeElement -->
  <testcase classname="base.CommonApi" name="@AfterMethod cleanUp" time="-1.547521559885E9">
    <skipped/>
  </testcase> <!-- @AfterMethod cleanUp -->
  <testcase classname="base.CommonApi" name="@BeforeMethod setUp" time="-1.547521559885E9">
    <skipped/>
  </testcase> <!-- @BeforeMethod setUp -->
  <testcase classname="base.CommonApi" name="@BeforeMethod startExtent" time="-1.547521559886E9">
    <skipped/>
  </testcase> <!-- @BeforeMethod startExtent -->
  <testcase classname="TestPages.TestHomePage" name="@BeforeMethod initializeElement" time="-1.547521559886E9">
    <skipped/>
  </testcase> <!-- @BeforeMethod initializeElement -->
  <testcase classname="base.CommonApi" name="@AfterMethod cleanUp" time="-1.547521559887E9">
    <skipped/>
  </testcase> <!-- @AfterMethod cleanUp -->
  <testcase classname="base.CommonApi" name="@BeforeMethod setUp" time="-1.547521559888E9">
    <skipped/>
  </testcase> <!-- @BeforeMethod setUp -->
  <testcase classname="base.CommonApi" name="@BeforeMethod startExtent" time="-1.547521559888E9">
    <skipped/>
  </testcase> <!-- @BeforeMethod startExtent -->
  <testcase classname="TestPages.TestHomePage" name="@BeforeMethod initializeElement" time="-1.547521559889E9">
    <skipped/>
  </testcase> <!-- @BeforeMethod initializeElement -->
  <testcase classname="base.CommonApi" name="@AfterMethod cleanUp" time="-1.54752155989E9">
    <skipped/>
  </testcase> <!-- @AfterMethod cleanUp -->
  <testcase classname="base.CommonApi" name="@BeforeMethod setUp" time="-1.547521559891E9">
    <skipped/>
  </testcase> <!-- @BeforeMethod setUp -->
  <testcase classname="base.CommonApi" name="@BeforeMethod startExtent" time="-1.547521559891E9">
    <skipped/>
  </testcase> <!-- @BeforeMethod startExtent -->
  <testcase classname="TestPages.TestHomePage" name="@BeforeMethod initializeElement" time="-1.547521559891E9">
    <skipped/>
  </testcase> <!-- @BeforeMethod initializeElement -->
  <testcase classname="base.CommonApi" name="@AfterMethod cleanUp" time="-1.547521559892E9">
    <skipped/>
  </testcase> <!-- @AfterMethod cleanUp -->
  <testcase classname="base.CommonApi" name="@BeforeMethod setUp" time="-1.547521559893E9">
    <skipped/>
  </testcase> <!-- @BeforeMethod setUp -->
  <testcase classname="base.CommonApi" name="@BeforeMethod startExtent" time="-1.547521559893E9">
    <skipped/>
  </testcase> <!-- @BeforeMethod startExtent -->
  <testcase classname="TestPages.TestHomePage" name="@BeforeMethod initializeElement" time="-1.547521559893E9">
    <skipped/>
  </testcase> <!-- @BeforeMethod initializeElement -->
  <testcase classname="base.CommonApi" name="@AfterMethod cleanUp" time="-1.547521559894E9">
    <skipped/>
  </testcase> <!-- @AfterMethod cleanUp -->
  <testcase classname="base.CommonApi" name="@BeforeMethod setUp" time="-1.547521559895E9">
    <skipped/>
  </testcase> <!-- @BeforeMethod setUp -->
  <testcase classname="base.CommonApi" name="@BeforeMethod startExtent" time="-1.547521559895E9">
    <skipped/>
  </testcase> <!-- @BeforeMethod startExtent -->
  <testcase classname="TestPages.TestHomePage" name="@BeforeMethod initializeElement" time="-1.547521559896E9">
    <skipped/>
  </testcase> <!-- @BeforeMethod initializeElement -->
  <testcase classname="base.CommonApi" name="@AfterMethod cleanUp" time="-1.547521559897E9">
    <skipped/>
  </testcase> <!-- @AfterMethod cleanUp -->
  <testcase classname="base.CommonApi" name="@BeforeMethod setUp" time="-1.547521559898E9">
    <skipped/>
  </testcase> <!-- @BeforeMethod setUp -->
  <testcase classname="base.CommonApi" name="@BeforeMethod startExtent" time="-1.547521559898E9">
    <skipped/>
  </testcase> <!-- @BeforeMethod startExtent -->
  <testcase classname="TestPages.TestHomePage" name="@BeforeMethod initializeElement" time="-1.547521559898E9">
    <skipped/>
  </testcase> <!-- @BeforeMethod initializeElement -->
  <testcase classname="base.CommonApi" name="@AfterMethod cleanUp" time="-1.547521559899E9">
    <skipped/>
  </testcase> <!-- @AfterMethod cleanUp -->
  <testcase classname="base.CommonApi" name="@BeforeMethod setUp" time="-1.547521559901E9">
    <skipped/>
  </testcase> <!-- @BeforeMethod setUp -->
  <testcase classname="base.CommonApi" name="@BeforeMethod startExtent" time="-1.547521559901E9">
    <skipped/>
  </testcase> <!-- @BeforeMethod startExtent -->
  <testcase classname="TestPages.TestHomePage" name="@BeforeMethod initializeElement" time="-1.547521559901E9">
    <skipped/>
  </testcase> <!-- @BeforeMethod initializeElement -->
  <testcase classname="base.CommonApi" name="@AfterMethod cleanUp" time="-1.547521559902E9">
    <skipped/>
  </testcase> <!-- @AfterMethod cleanUp -->
  <testcase classname="GmailLogin.GmailTestLogin" name="test1" time="460.004">
    <failure type="org.openqa.selenium.WebDriverException" message="unknown error: cannot focus element
  (Session info: chrome=71.0.3578.98)
  (Driver info: chromedriver=2.45.615355 (d5698f682d8b2742017df6c81e0bd8e6a3063189),platform=Mac OS X 10.14.2 x86_64) (WARNING: The server did not provide any stacktrace information)
Command duration or timeout: 0 milliseconds
Build info: version: &amp;apos;3.141.59&amp;apos;, revision: &amp;apos;e82be7d358&amp;apos;, time: &amp;apos;2018-11-14T08:17:03&amp;apos;
System info: host: &amp;apos;Nazibahs-MacBook-Air.local&amp;apos;, ip: &amp;apos;2604:2000:6055:2100:e19c:3018:5c14:d581%en0&amp;apos;, os.name: &amp;apos;Mac OS X&amp;apos;, os.arch: &amp;apos;x86_64&amp;apos;, os.version: &amp;apos;10.14.2&amp;apos;, java.version: &amp;apos;11.0.1&amp;apos;
Driver info: org.openqa.selenium.chrome.ChromeDriver
Capabilities {acceptInsecureCerts: false, acceptSslCerts: false, applicationCacheEnabled: false, browserConnectionEnabled: false, browserName: chrome, chrome: {chromedriverVersion: 2.45.615355 (d5698f682d8b27..., userDataDir: /var/folders/bx/ylfr9_p57rv...}, cssSelectorsEnabled: true, databaseEnabled: false, goog:chromeOptions: {debuggerAddress: localhost:54630}, handlesAlerts: true, hasTouchScreen: false, javascriptEnabled: true, locationContextEnabled: true, mobileEmulationEnabled: false, nativeEvents: true, networkConnectionEnabled: false, pageLoadStrategy: normal, platform: MAC, platformName: MAC, proxy: Proxy(), rotatable: false, setWindowRect: true, strictFileInteractability: false, takesHeapSnapshot: true, takesScreenshot: true, timeouts: {implicit: 0, pageLoad: 300000, script: 30000}, unexpectedAlertBehaviour: ignore, unhandledPromptBehavior: ignore, version: 71.0.3578.98, webStorageEnabled: true}
Session ID: b18173c42228a4353f16e035b7101b9a">
      <![CDATA[org.openqa.selenium.WebDriverException: unknown error: cannot focus element
  (Session info: chrome=71.0.3578.98)
  (Driver info: chromedriver=2.45.615355 (d5698f682d8b2742017df6c81e0bd8e6a3063189),platform=Mac OS X 10.14.2 x86_64) (WARNING: The server did not provide any stacktrace information)
Command duration or timeout: 0 milliseconds
Build info: version: '3.141.59', revision: 'e82be7d358', time: '2018-11-14T08:17:03'
System info: host: 'Nazibahs-MacBook-Air.local', ip: '2604:2000:6055:2100:e19c:3018:5c14:d581%en0', os.name: 'Mac OS X', os.arch: 'x86_64', os.version: '10.14.2', java.version: '11.0.1'
Driver info: org.openqa.selenium.chrome.ChromeDriver
Capabilities {acceptInsecureCerts: false, acceptSslCerts: false, applicationCacheEnabled: false, browserConnectionEnabled: false, browserName: chrome, chrome: {chromedriverVersion: 2.45.615355 (d5698f682d8b27..., userDataDir: /var/folders/bx/ylfr9_p57rv...}, cssSelectorsEnabled: true, databaseEnabled: false, goog:chromeOptions: {debuggerAddress: localhost:54630}, handlesAlerts: true, hasTouchScreen: false, javascriptEnabled: true, locationContextEnabled: true, mobileEmulationEnabled: false, nativeEvents: true, networkConnectionEnabled: false, pageLoadStrategy: normal, platform: MAC, platformName: MAC, proxy: Proxy(), rotatable: false, setWindowRect: true, strictFileInteractability: false, takesHeapSnapshot: true, takesScreenshot: true, timeouts: {implicit: 0, pageLoad: 300000, script: 30000}, unexpectedAlertBehaviour: ignore, unhandledPromptBehavior: ignore, version: 71.0.3578.98, webStorageEnabled: true}
Session ID: b18173c42228a4353f16e035b7101b9a
at org.openqa.selenium.remote.ErrorHandler.createThrowable(ErrorHandler.java:214)
at org.openqa.selenium.remote.ErrorHandler.throwIfResponseFailed(ErrorHandler.java:166)
at org.openqa.selenium.remote.http.JsonHttpResponseCodec.reconstructValue(JsonHttpResponseCodec.java:40)
at org.openqa.selenium.remote.http.AbstractHttpResponseCodec.decode(AbstractHttpResponseCodec.java:80)
at org.openqa.selenium.remote.http.AbstractHttpResponseCodec.decode(AbstractHttpResponseCodec.java:44)
at org.openqa.selenium.remote.HttpCommandExecutor.execute(HttpCommandExecutor.java:158)
at org.openqa.selenium.remote.service.DriverCommandExecutor.execute(DriverCommandExecutor.java:83)
at org.openqa.selenium.remote.RemoteWebDriver.execute(RemoteWebDriver.java:552)
at org.openqa.selenium.remote.RemoteWebElement.execute(RemoteWebElement.java:285)
at org.openqa.selenium.remote.RemoteWebElement.sendKeys(RemoteWebElement.java:106)
at GmailAPI.GmailCommonAPI.typeOnElementEntry(GmailCommonAPI.java:42)
at GmailLogin.GmailLoginPage.login(GmailLoginPage.java:14)
at GmailLogin.GmailTestLogin.test1(GmailTestLogin.java:7)
... Removed 32 stack frames]]>
    </failure>
  </testcase> <!-- test1 -->
  <testcase classname="GmailLogin.GmailTestLogin" name="test10" time="10.688">
    <failure type="org.openqa.selenium.NoSuchWindowException" message="no such window: window was already closed
  (Session info: chrome=71.0.3578.98)
  (Driver info: chromedriver=2.45.615355 (d5698f682d8b2742017df6c81e0bd8e6a3063189),platform=Mac OS X 10.14.2 x86_64) (WARNING: The server did not provide any stacktrace information)
Command duration or timeout: 0 milliseconds
Build info: version: &amp;apos;3.141.59&amp;apos;, revision: &amp;apos;e82be7d358&amp;apos;, time: &amp;apos;2018-11-14T08:17:03&amp;apos;
System info: host: &amp;apos;Nazibahs-MacBook-Air.local&amp;apos;, ip: &amp;apos;2604:2000:6055:2100:e19c:3018:5c14:d581%en0&amp;apos;, os.name: &amp;apos;Mac OS X&amp;apos;, os.arch: &amp;apos;x86_64&amp;apos;, os.version: &amp;apos;10.14.2&amp;apos;, java.version: &amp;apos;11.0.1&amp;apos;
Driver info: org.openqa.selenium.chrome.ChromeDriver
Capabilities {acceptInsecureCerts: false, acceptSslCerts: false, applicationCacheEnabled: false, browserConnectionEnabled: false, browserName: chrome, chrome: {chromedriverVersion: 2.45.615355 (d5698f682d8b27..., userDataDir: /var/folders/bx/ylfr9_p57rv...}, cssSelectorsEnabled: true, databaseEnabled: false, goog:chromeOptions: {debuggerAddress: localhost:58457}, handlesAlerts: true, hasTouchScreen: false, javascriptEnabled: true, locationContextEnabled: true, mobileEmulationEnabled: false, nativeEvents: true, networkConnectionEnabled: false, pageLoadStrategy: normal, platform: MAC, platformName: MAC, proxy: Proxy(), rotatable: false, setWindowRect: true, strictFileInteractability: false, takesHeapSnapshot: true, takesScreenshot: true, timeouts: {implicit: 0, pageLoad: 300000, script: 30000}, unexpectedAlertBehaviour: ignore, unhandledPromptBehavior: ignore, version: 71.0.3578.98, webStorageEnabled: true}
Session ID: c4ba4c8baa6cb2a37ea27ff900c9b5b0
*** Element info: {Using=id, value=firstName}">
      <![CDATA[org.openqa.selenium.NoSuchWindowException: no such window: window was already closed
  (Session info: chrome=71.0.3578.98)
  (Driver info: chromedriver=2.45.615355 (d5698f682d8b2742017df6c81e0bd8e6a3063189),platform=Mac OS X 10.14.2 x86_64) (WARNING: The server did not provide any stacktrace information)
Command duration or timeout: 0 milliseconds
Build info: version: '3.141.59', revision: 'e82be7d358', time: '2018-11-14T08:17:03'
System info: host: 'Nazibahs-MacBook-Air.local', ip: '2604:2000:6055:2100:e19c:3018:5c14:d581%en0', os.name: 'Mac OS X', os.arch: 'x86_64', os.version: '10.14.2', java.version: '11.0.1'
Driver info: org.openqa.selenium.chrome.ChromeDriver
Capabilities {acceptInsecureCerts: false, acceptSslCerts: false, applicationCacheEnabled: false, browserConnectionEnabled: false, browserName: chrome, chrome: {chromedriverVersion: 2.45.615355 (d5698f682d8b27..., userDataDir: /var/folders/bx/ylfr9_p57rv...}, cssSelectorsEnabled: true, databaseEnabled: false, goog:chromeOptions: {debuggerAddress: localhost:58457}, handlesAlerts: true, hasTouchScreen: false, javascriptEnabled: true, locationContextEnabled: true, mobileEmulationEnabled: false, nativeEvents: true, networkConnectionEnabled: false, pageLoadStrategy: normal, platform: MAC, platformName: MAC, proxy: Proxy(), rotatable: false, setWindowRect: true, strictFileInteractability: false, takesHeapSnapshot: true, takesScreenshot: true, timeouts: {implicit: 0, pageLoad: 300000, script: 30000}, unexpectedAlertBehaviour: ignore, unhandledPromptBehavior: ignore, version: 71.0.3578.98, webStorageEnabled: true}
Session ID: c4ba4c8baa6cb2a37ea27ff900c9b5b0
*** Element info: {Using=id, value=firstName}
at org.openqa.selenium.remote.ErrorHandler.createThrowable(ErrorHandler.java:214)
at org.openqa.selenium.remote.ErrorHandler.throwIfResponseFailed(ErrorHandler.java:166)
at org.openqa.selenium.remote.http.JsonHttpResponseCodec.reconstructValue(JsonHttpResponseCodec.java:40)
at org.openqa.selenium.remote.http.AbstractHttpResponseCodec.decode(AbstractHttpResponseCodec.java:80)
at org.openqa.selenium.remote.http.AbstractHttpResponseCodec.decode(AbstractHttpResponseCodec.java:44)
at org.openqa.selenium.remote.HttpCommandExecutor.execute(HttpCommandExecutor.java:158)
at org.openqa.selenium.remote.service.DriverCommandExecutor.execute(DriverCommandExecutor.java:83)
at org.openqa.selenium.remote.RemoteWebDriver.execute(RemoteWebDriver.java:552)
at org.openqa.selenium.remote.RemoteWebDriver.findElement(RemoteWebDriver.java:323)
at org.openqa.selenium.remote.RemoteWebDriver.findElementById(RemoteWebDriver.java:372)
at org.openqa.selenium.By$ById.findElement(By.java:188)
at org.openqa.selenium.remote.RemoteWebDriver.findElement(RemoteWebDriver.java:315)
at GmailAPI.GmailCommonAPI.typeOnElement(GmailCommonAPI.java:23)
at GmailLogin.GmailLoginPage.createAccountFirstName(GmailLoginPage.java:24)
at GmailLogin.GmailLoginPage.createAccountLastName(GmailLoginPage.java:28)
at GmailLogin.GmailLoginPage.createAccountUserName(GmailLoginPage.java:33)
at GmailLogin.GmailLoginPage.createAccountPassword(GmailLoginPage.java:38)
at GmailLogin.GmailLoginPage.createAccountConfirmPassword(GmailLoginPage.java:43)
at GmailLogin.GmailTestLogin.test10(GmailTestLogin.java:30)
... Removed 32 stack frames]]>
    </failure>
  </testcase> <!-- test10 -->
  <testcase classname="GmailLogin.GmailTestLogin" name="test2" time="0.0">
    <skipped/>
  </testcase> <!-- test2 -->
  <testcase classname="GmailLogin.GmailTestLogin" name="test3" time="0.0">
    <skipped/>
  </testcase> <!-- test3 -->
  <testcase classname="GmailLogin.GmailTestLogin" name="test4" time="0.0">
    <skipped/>
  </testcase> <!-- test4 -->
  <testcase classname="GmailLogin.GmailTestLogin" name="test5" time="0.0">
    <skipped/>
  </testcase> <!-- test5 -->
  <testcase classname="GmailLogin.GmailTestLogin" name="test7" time="0.0">
    <skipped/>
  </testcase> <!-- test7 -->
  <testcase classname="GmailLogin.GmailTestLogin" name="test8" time="0.0">
    <skipped/>
  </testcase> <!-- test8 -->
  <testcase classname="GmailLogin.GmailTestLogin" name="test9" time="0.0">
    <skipped/>
  </testcase> <!-- test9 -->
  <testcase classname="TestPages.TestHomePage" name="Email" time="0.0">
    <skipped/>
  </testcase> <!-- Email -->
  <testcase classname="TestPages.TestHomePage" name="TestEmailOlderMessages" time="0.0">
    <skipped/>
  </testcase> <!-- TestEmailOlderMessages -->
  <testcase classname="TestPages.TestHomePage" name="TestEmailSettings" time="0.0">
    <skipped/>
  </testcase> <!-- TestEmailSettings -->
  <testcase classname="TestPages.TestHomePage" name="TestEmailStarred" time="0.0">
    <skipped/>
  </testcase> <!-- TestEmailStarred -->
  <testcase classname="TestPages.TestHomePage" name="TestGoogleAccount" time="0.0">
    <skipped/>
  </testcase> <!-- TestGoogleAccount -->
  <testcase classname="TestPages.TestHomePage" name="TestGoogleApps" time="0.0">
    <skipped/>
  </testcase> <!-- TestGoogleApps -->
  <testcase classname="TestPages.TestHomePage" name="TestHelpCreateGoogleAccount" time="0.0">
    <skipped/>
  </testcase> <!-- TestHelpCreateGoogleAccount -->
  <testcase classname="TestPages.TestHomePage" name="TestSendEmailCompose" time="0.0">
    <skipped/>
  </testcase> <!-- TestSendEmailCompose -->
  <testcase classname="TestPages.TestHomePage" name="TestSendEmailRecipientEmail" time="0.0">
    <skipped/>
  </testcase> <!-- TestSendEmailRecipientEmail -->
  <testcase classname="TestPages.TestHomePage" name="TestSendEmailSendButton" time="0.0">
    <skipped/>
  </testcase> <!-- TestSendEmailSendButton -->
  <testcase classname="TestPages.TestHomePage" name="TestSendEmailemailBody" time="0.0">
    <skipped/>
  </testcase> <!-- TestSendEmailemailBody -->
  <testcase classname="TestPages.TestHomePage" name="TestSendEmailemailSubject" time="0.0">
    <skipped/>
  </testcase> <!-- TestSendEmailemailSubject -->
  <testcase classname="TestPages.TestHomePage" name="TesthelpGoogleAccount" time="0.0">
    <skipped/>
  </testcase> <!-- TesthelpGoogleAccount -->
  <testcase classname="TestPages.TestHomePage" name="gmailLogin" time="0.0">
    <skipped/>
  </testcase> <!-- gmailLogin -->
  <testcase classname="TestPages.TestHomePage" name="test1" time="0.0">
    <skipped/>
  </testcase> <!-- test1 -->
  <testcase classname="base.CommonApi" name="@AfterSuite generateReport" time="0.0">
    <ignored/>
  </testcase> <!-- @AfterSuite generateReport -->
  <testcase classname="base.CommonApi" name="@BeforeSuite extentSetup" time="0.0">
    <ignored/>
  </testcase> <!-- @BeforeSuite extentSetup -->
</testsuite> <!-- Gmail Home -->
