-------------------------------------------------------------------------------
Test set: TestSuite
-------------------------------------------------------------------------------
Tests run: 3, Failures: 1, Errors: 0, Skipped: 2, Time elapsed: 0.282 s <<< FAILURE! - in TestSuite
setUp(TargetTest)  Time elapsed: 0.202 s  <<< FAILURE!
java.lang.NullPointerException

