<?xml version="1.0" encoding="UTF-8"?>
<!-- Generated by org.testng.reporters.JUnitXMLReporter -->
<testsuite hostname="Ahmeds-MBP.home" ignored="1" tests="1" failures="0" timestamp="08 Jan 2019 00:20:25 GMT" time="0.025" errors="0">
  <testcase name="@BeforeClass setUp" time="0.012" classname="base.CommonApi">
    <failure type="java.lang.NullPointerException">
      <![CDATA[java.lang.NullPointerException
at base.CommonApi.setUp(CommonApi.java:39)
... Removed 30 stack frames]]>
    </failure>
  </testcase> <!-- @BeforeClass setUp -->
  <testcase name="@AfterMethod cleanUp" time="0.0" classname="base.CommonApi">
    <skipped/>
  </testcase> <!-- @AfterMethod cleanUp -->
  <testcase name="test1" time="0.0" classname="TargetTest">
    <skipped/>
  </testcase> <!-- test1 -->
  <testcase name="test2" time="0.0" classname="TargetTest">
    <ignored/>
  </testcase> <!-- test2 -->
</testsuite>
